2025-03-01 21:01:55,388 - 有没有陈皮吗
2025-03-01 21:01:55,409 - 云南助农，鸭蛋哪里的
2025-03-01 21:01:55,432 - 陈皮
2025-03-01 21:01:55,510 - 有云南米线吗
2025-03-01 21:02:17,171 - 可以不要干辣椒换放八角吗？
2025-03-01 21:03:05,958 - 云南助农，鸭蛋哪里的
2025-03-01 21:03:05,958 - Error fetching comments: [Errno 13] Permission denied: 'comments.xlsx'
2025-03-01 21:03:16,047 - 陈皮
2025-03-01 21:03:16,048 - Error fetching comments: [Errno 13] Permission denied: 'comments.xlsx'
2025-03-01 21:03:26,114 - 在广西还是云南？
2025-03-01 21:03:26,114 - Error fetching comments: [Errno 13] Permission denied: 'comments.xlsx'
2025-03-01 21:03:36,179 - 云南助农，乡村振兴！
2025-03-01 21:03:36,180 - Error fetching comments: [Errno 13] Permission denied: 'comments.xlsx'
2025-03-01 21:03:46,291 - 有云南米线吗
2025-03-01 21:03:46,292 - Error fetching comments: [Errno 13] Permission denied: 'comments.xlsx'
2025-03-01 21:04:38,604 - 云南助农，乡村振兴！
2025-03-01 21:04:38,637 - 可以不要干辣椒换放八角吗？
2025-03-01 21:04:38,664 - 在广西还是云南？
2025-03-01 21:05:09,075 - 脏 不要
2025-03-01 21:05:09,096 - 5
2025-03-01 21:05:09,124 - 我不要农村的东西 脏死了
2025-03-01 21:05:19,318 - 1元
2025-03-01 21:05:19,341 - 1.5
2025-03-01 21:05:19,361 - 1
2025-03-01 21:05:19,382 - 农村的土鸡蛋？脏 没超市的干净
2025-03-01 21:05:19,403 - 农村东西脏 不要
2025-03-01 21:05:19,423 - 不要
2025-03-01 21:05:19,451 - 
2025-03-01 21:05:19,472 - 12
2025-03-01 21:05:29,741 - 7
2025-03-01 21:05:29,770 - 2，
2025-03-01 21:05:40,127 - 是吧 还没超市的干净
2025-03-01 21:05:40,155 - 七毛或八毛
2025-03-01 21:05:40,204 - 几斤
2025-03-01 21:05:50,539 - 我还是去超市买吧
2025-03-01 21:05:50,567 - 我不要农村的东西 脏死了我不要农村的东西 脏死了我不要农村的东西 脏死了我不要农村的东西 脏死了
2025-03-01 21:06:00,926 - 农村东西脏 不要农村东西脏 不要农村东西脏 不要农村东西脏 不要农村东西脏 不要农村东西脏 不要
2025-03-01 21:06:00,954 - 你得看几斤
2025-03-01 21:06:11,354 - 踢出去
2025-03-01 21:06:11,377 - 把他踢出去
2025-03-01 21:06:11,399 - 踢了他
2025-03-01 21:06:21,804 - 脏你可以不买
2025-03-01 21:06:21,827 - 就是脏
2025-03-01 21:06:32,238 - 忘本
2025-03-01 21:06:32,262 - 素质
2025-03-01 21:06:42,709 - 啥人也有
